{"C:\\Users\\anduser\\WebstormProjects\\JS-tasks\\Calculator.ts": {"path":"C:\\Users\\anduser\\WebstormProjects\\JS-tasks\\Calculator.ts","statementMap":{"0":{"start":{"line":5,"column":0},"end":{"line":5,"column":13}},"1":{"start":{"line":6,"column":4},"end":{"line":31,"column":6}},"2":{"start":{"line":7,"column":34},"end":{"line":7,"column":54}},"3":{"start":{"line":8,"column":30},"end":{"line":8,"column":40}},"4":{"start":{"line":9,"column":31},"end":{"line":9,"column":41}},"5":{"start":{"line":10,"column":30},"end":{"line":10,"column":67}},"6":{"start":{"line":12,"column":8},"end":{"line":14,"column":null}},"7":{"start":{"line":13,"column":12},"end":{"line":13,"column":59}},"8":{"start":{"line":16,"column":8},"end":{"line":18,"column":null}},"9":{"start":{"line":17,"column":12},"end":{"line":17,"column":68}},"10":{"start":{"line":21,"column":8},"end":{"line":30,"column":null}},"11":{"start":{"line":23,"column":16},"end":{"line":23,"column":31}},"12":{"start":{"line":25,"column":16},"end":{"line":25,"column":31}},"13":{"start":{"line":27,"column":16},"end":{"line":27,"column":31}},"14":{"start":{"line":29,"column":16},"end":{"line":29,"column":31}},"15":{"start":{"line":32,"column":0},"end":{"line":32,"column":null}},"16":{"start":{"line":5,"column":13},"end":{"line":5,"column":23}}},"fnMap":{"0":{"name":"(anonymous_0)","decl":{"start":{"line":5,"column":0},"end":{"line":5,"column":13}},"loc":{"start":{"line":5,"column":0},"end":{"line":32,"column":null}}},"1":{"name":"(anonymous_2)","decl":{"start":{"line":6,"column":4},"end":{"line":6,"column":13}},"loc":{"start":{"line":6,"column":71},"end":{"line":31,"column":5}}}},"branchMap":{"0":{"loc":{"start":{"line":12,"column":8},"end":{"line":14,"column":null}},"type":"if","locations":[{"start":{"line":12,"column":8},"end":{"line":14,"column":null}}]},"1":{"loc":{"start":{"line":12,"column":12},"end":{"line":12,"column":45}},"type":"binary-expr","locations":[{"start":{"line":12,"column":12},"end":{"line":12,"column":26}},{"start":{"line":12,"column":30},"end":{"line":12,"column":45}}]},"2":{"loc":{"start":{"line":16,"column":8},"end":{"line":18,"column":null}},"type":"if","locations":[{"start":{"line":16,"column":8},"end":{"line":18,"column":null}}]},"3":{"loc":{"start":{"line":21,"column":8},"end":{"line":30,"column":null}},"type":"switch","locations":[{"start":{"line":22,"column":12},"end":{"line":23,"column":31}},{"start":{"line":24,"column":12},"end":{"line":25,"column":31}},{"start":{"line":26,"column":12},"end":{"line":27,"column":31}},{"start":{"line":28,"column":12},"end":{"line":29,"column":31}}]}},"s":{"0":1,"1":1,"2":6,"3":6,"4":6,"5":6,"6":6,"7":1,"8":5,"9":1,"10":4,"11":1,"12":1,"13":1,"14":1,"15":1,"16":1},"f":{"0":2,"1":6},"b":{"0":[1],"1":[6,5],"2":[1],"3":[1,1,1,1]}}
}
